This file contains any messages produced by compilers while
running configure, to aid debugging if configure makes a mistake.

It was created by enblend-enfuse configure 4.1.4, which was
generated by GNU Autoconf 2.69.  Invocation command line was

  $ ./configure 

## --------- ##
## Platform. ##
## --------- ##

hostname = zmx-All-Series
uname -m = i686
uname -r = 3.13.0-32-generic
uname -s = Linux
uname -v = #57~precise1-Ubuntu SMP Tue Jul 15 03:50:54 UTC 2014

/usr/bin/uname -p = unknown
/bin/uname -X     = unknown

/bin/arch              = unknown
/usr/bin/arch -k       = unknown
/usr/convex/getsysinfo = unknown
/usr/bin/hostinfo      = unknown
/bin/machine           = unknown
/usr/bin/oslevel       = unknown
/bin/universe          = unknown

PATH: /usr/lib/lightdm/lightdm
PATH: /usr/local/sbin
PATH: /usr/local/bin
PATH: /usr/sbin
PATH: /usr/bin
PATH: /sbin
PATH: /bin
PATH: /usr/games
PATH: /usr/local/cmake-2.8.9-Linux-i386/bin


## ----------- ##
## Core tests. ##
## ----------- ##

configure:2631: checking for a BSD-compatible install
configure:2699: result: /usr/bin/install -c
configure:2710: checking whether build environment is sane
configure:2765: result: yes
configure:2916: checking for a thread-safe mkdir -p
configure:2955: result: /bin/mkdir -p
configure:2962: checking for gawk
configure:2992: result: no
configure:2962: checking for mawk
configure:2978: found /usr/bin/mawk
configure:2989: result: mawk
configure:3000: checking whether make sets $(MAKE)
configure:3022: result: yes
configure:3051: checking whether make supports nested variables
configure:3068: result: yes
configure:3258: checking for g++
configure:3274: found /usr/bin/g++
configure:3285: result: g++
configure:3312: checking for C++ compiler version
configure:3321: g++ --version >&5
g++ (Ubuntu/Linaro 4.6.3-1ubuntu5) 4.6.3
Copyright (C) 2011 Free Software Foundation, Inc.
This is free software; see the source for copying conditions.  There is NO
warranty; not even for MERCHANTABILITY or FITNESS FOR A PARTICULAR PURPOSE.

configure:3332: $? = 0
configure:3321: g++ -v >&5
Using built-in specs.
COLLECT_GCC=g++
COLLECT_LTO_WRAPPER=/usr/lib/gcc/i686-linux-gnu/4.6/lto-wrapper
Target: i686-linux-gnu
Configured with: ../src/configure -v --with-pkgversion='Ubuntu/Linaro 4.6.3-1ubuntu5' --with-bugurl=file:///usr/share/doc/gcc-4.6/README.Bugs --enable-languages=c,c++,fortran,objc,obj-c++ --prefix=/usr --program-suffix=-4.6 --enable-shared --enable-linker-build-id --with-system-zlib --libexecdir=/usr/lib --without-included-gettext --enable-threads=posix --with-gxx-include-dir=/usr/include/c++/4.6 --libdir=/usr/lib --enable-nls --with-sysroot=/ --enable-clocale=gnu --enable-libstdcxx-debug --enable-libstdcxx-time=yes --enable-gnu-unique-object --enable-plugin --enable-objc-gc --enable-targets=all --disable-werror --with-arch-32=i686 --with-tune=generic --enable-checking=release --build=i686-linux-gnu --host=i686-linux-gnu --target=i686-linux-gnu
Thread model: posix
gcc version 4.6.3 (Ubuntu/Linaro 4.6.3-1ubuntu5) 
configure:3332: $? = 0
configure:3321: g++ -V >&5
g++: error: unrecognized option '-V'
g++: fatal error: no input files
compilation terminated.
configure:3332: $? = 4
configure:3321: g++ -qversion >&5
g++: error: unrecognized option '-qversion'
g++: fatal error: no input files
compilation terminated.
configure:3332: $? = 4
configure:3352: checking whether the C++ compiler works
configure:3374: g++    conftest.cpp  >&5
configure:3378: $? = 0
configure:3426: result: yes
configure:3429: checking for C++ compiler default output file name
configure:3431: result: a.out
configure:3437: checking for suffix of executables
configure:3444: g++ -o conftest    conftest.cpp  >&5
configure:3448: $? = 0
configure:3470: result: 
configure:3492: checking whether we are cross compiling
configure:3500: g++ -o conftest    conftest.cpp  >&5
configure:3504: $? = 0
configure:3511: ./conftest
configure:3515: $? = 0
configure:3530: result: no
configure:3535: checking for suffix of object files
configure:3557: g++ -c   conftest.cpp >&5
configure:3561: $? = 0
configure:3582: result: o
configure:3586: checking whether we are using the GNU C++ compiler
configure:3605: g++ -c   conftest.cpp >&5
configure:3605: $? = 0
configure:3614: result: yes
configure:3623: checking whether g++ accepts -g
configure:3643: g++ -c -g  conftest.cpp >&5
configure:3643: $? = 0
configure:3684: result: yes
configure:3718: checking for style of include used by make
configure:3746: result: GNU
configure:3772: checking dependency style of g++
configure:3883: result: gcc3
configure:3947: checking for gcc
configure:3963: found /usr/bin/gcc
configure:3974: result: gcc
configure:4203: checking for C compiler version
configure:4212: gcc --version >&5
gcc (Ubuntu/Linaro 4.6.3-1ubuntu5) 4.6.3
Copyright (C) 2011 Free Software Foundation, Inc.
This is free software; see the source for copying conditions.  There is NO
warranty; not even for MERCHANTABILITY or FITNESS FOR A PARTICULAR PURPOSE.

configure:4223: $? = 0
configure:4212: gcc -v >&5
Using built-in specs.
COLLECT_GCC=gcc
COLLECT_LTO_WRAPPER=/usr/lib/gcc/i686-linux-gnu/4.6/lto-wrapper
Target: i686-linux-gnu
Configured with: ../src/configure -v --with-pkgversion='Ubuntu/Linaro 4.6.3-1ubuntu5' --with-bugurl=file:///usr/share/doc/gcc-4.6/README.Bugs --enable-languages=c,c++,fortran,objc,obj-c++ --prefix=/usr --program-suffix=-4.6 --enable-shared --enable-linker-build-id --with-system-zlib --libexecdir=/usr/lib --without-included-gettext --enable-threads=posix --with-gxx-include-dir=/usr/include/c++/4.6 --libdir=/usr/lib --enable-nls --with-sysroot=/ --enable-clocale=gnu --enable-libstdcxx-debug --enable-libstdcxx-time=yes --enable-gnu-unique-object --enable-plugin --enable-objc-gc --enable-targets=all --disable-werror --with-arch-32=i686 --with-tune=generic --enable-checking=release --build=i686-linux-gnu --host=i686-linux-gnu --target=i686-linux-gnu
Thread model: posix
gcc version 4.6.3 (Ubuntu/Linaro 4.6.3-1ubuntu5) 
configure:4223: $? = 0
configure:4212: gcc -V >&5
gcc: error: unrecognized option '-V'
gcc: fatal error: no input files
compilation terminated.
configure:4223: $? = 4
configure:4212: gcc -qversion >&5
gcc: error: unrecognized option '-qversion'
gcc: fatal error: no input files
compilation terminated.
configure:4223: $? = 4
configure:4227: checking whether we are using the GNU C compiler
configure:4246: gcc -c   conftest.c >&5
configure:4246: $? = 0
configure:4255: result: yes
configure:4264: checking whether gcc accepts -g
configure:4284: gcc -c -g  conftest.c >&5
configure:4284: $? = 0
configure:4325: result: yes
configure:4342: checking for gcc option to accept ISO C89
configure:4405: gcc  -c -g -O2  conftest.c >&5
configure:4405: $? = 0
configure:4418: result: none needed
configure:4443: checking whether gcc understands -c and -o together
configure:4465: gcc -c conftest.c -o conftest2.o
configure:4468: $? = 0
configure:4465: gcc -c conftest.c -o conftest2.o
configure:4468: $? = 0
configure:4480: result: yes
configure:4499: checking dependency style of gcc
configure:4610: result: gcc3
configure:4675: checking for ar
configure:4691: found /usr/bin/ar
configure:4702: result: ar
configure:4728: checking the archiver (ar) interface
configure:4744: gcc -c -g -O2  conftest.c >&5
configure:4744: $? = 0
configure:4746: ar cru libconftest.a conftest.o >&5
configure:4749: $? = 0
configure:4777: result: ar
configure:4840: checking for ranlib
configure:4856: found /usr/bin/ranlib
configure:4867: result: ranlib
configure:4902: checking how to run the C++ preprocessor
configure:4929: g++ -E  conftest.cpp
configure:4929: $? = 0
configure:4943: g++ -E  conftest.cpp
conftest.cpp:11:28: fatal error: ac_nonexistent.h: No such file or directory
compilation terminated.
configure:4943: $? = 1
configure: failed program was:
| /* confdefs.h */
| #define PACKAGE_NAME "enblend-enfuse"
| #define PACKAGE_TARNAME "enblend-enfuse"
| #define PACKAGE_VERSION "4.1.4"
| #define PACKAGE_STRING "enblend-enfuse 4.1.4"
| #define PACKAGE_BUGREPORT "https://bugs.launchpad.net/enblend"
| #define PACKAGE_URL ""
| #define PACKAGE "enblend-enfuse"
| #define VERSION "4.1.4"
| /* end confdefs.h.  */
| #include <ac_nonexistent.h>
configure:4968: result: g++ -E
configure:4988: g++ -E  conftest.cpp
configure:4988: $? = 0
configure:5002: g++ -E  conftest.cpp
conftest.cpp:11:28: fatal error: ac_nonexistent.h: No such file or directory
compilation terminated.
configure:5002: $? = 1
configure: failed program was:
| /* confdefs.h */
| #define PACKAGE_NAME "enblend-enfuse"
| #define PACKAGE_TARNAME "enblend-enfuse"
| #define PACKAGE_VERSION "4.1.4"
| #define PACKAGE_STRING "enblend-enfuse 4.1.4"
| #define PACKAGE_BUGREPORT "https://bugs.launchpad.net/enblend"
| #define PACKAGE_URL ""
| #define PACKAGE "enblend-enfuse"
| #define VERSION "4.1.4"
| /* end confdefs.h.  */
| #include <ac_nonexistent.h>
configure:5031: checking for grep that handles long lines and -e
configure:5089: result: /bin/grep
configure:5094: checking for egrep
configure:5156: result: /bin/grep -E
configure:5161: checking for ANSI C header files
configure:5181: g++ -c   conftest.cpp >&5
configure:5181: $? = 0
configure:5254: g++ -o conftest    conftest.cpp  >&5
configure:5254: $? = 0
configure:5254: ./conftest
configure:5254: $? = 0
configure:5265: result: yes
configure:5278: checking for sys/types.h
configure:5278: g++ -c   conftest.cpp >&5
configure:5278: $? = 0
configure:5278: result: yes
configure:5278: checking for sys/stat.h
configure:5278: g++ -c   conftest.cpp >&5
configure:5278: $? = 0
configure:5278: result: yes
configure:5278: checking for stdlib.h
configure:5278: g++ -c   conftest.cpp >&5
configure:5278: $? = 0
configure:5278: result: yes
configure:5278: checking for string.h
configure:5278: g++ -c   conftest.cpp >&5
configure:5278: $? = 0
configure:5278: result: yes
configure:5278: checking for memory.h
configure:5278: g++ -c   conftest.cpp >&5
configure:5278: $? = 0
configure:5278: result: yes
configure:5278: checking for strings.h
configure:5278: g++ -c   conftest.cpp >&5
configure:5278: $? = 0
configure:5278: result: yes
configure:5278: checking for inttypes.h
configure:5278: g++ -c   conftest.cpp >&5
configure:5278: $? = 0
configure:5278: result: yes
configure:5278: checking for stdint.h
configure:5278: g++ -c   conftest.cpp >&5
configure:5278: $? = 0
configure:5278: result: yes
configure:5278: checking for unistd.h
configure:5278: g++ -c   conftest.cpp >&5
configure:5278: $? = 0
configure:5278: result: yes
configure:5290: checking whether byte ordering is bigendian
configure:5305: g++ -c   conftest.cpp >&5
conftest.cpp:22:9: error: expected unqualified-id before 'not' token
configure:5305: $? = 1
configure: failed program was:
| /* confdefs.h */
| #define PACKAGE_NAME "enblend-enfuse"
| #define PACKAGE_TARNAME "enblend-enfuse"
| #define PACKAGE_VERSION "4.1.4"
| #define PACKAGE_STRING "enblend-enfuse 4.1.4"
| #define PACKAGE_BUGREPORT "https://bugs.launchpad.net/enblend"
| #define PACKAGE_URL ""
| #define PACKAGE "enblend-enfuse"
| #define VERSION "4.1.4"
| #define STDC_HEADERS 1
| #define HAVE_SYS_TYPES_H 1
| #define HAVE_SYS_STAT_H 1
| #define HAVE_STDLIB_H 1
| #define HAVE_STRING_H 1
| #define HAVE_MEMORY_H 1
| #define HAVE_STRINGS_H 1
| #define HAVE_INTTYPES_H 1
| #define HAVE_STDINT_H 1
| #define HAVE_UNISTD_H 1
| /* end confdefs.h.  */
| #ifndef __APPLE_CC__
| 	       not a universal capable compiler
| 	     #endif
| 	     typedef int dummy;
| 
configure:5350: g++ -c   conftest.cpp >&5
configure:5350: $? = 0
configure:5368: g++ -c   conftest.cpp >&5
conftest.cpp: In function 'int main()':
conftest.cpp:28:8: error: 'big' was not declared in this scope
conftest.cpp:28:12: error: expected ';' before 'endian'
configure:5368: $? = 1
configure: failed program was:
| /* confdefs.h */
| #define PACKAGE_NAME "enblend-enfuse"
| #define PACKAGE_TARNAME "enblend-enfuse"
| #define PACKAGE_VERSION "4.1.4"
| #define PACKAGE_STRING "enblend-enfuse 4.1.4"
| #define PACKAGE_BUGREPORT "https://bugs.launchpad.net/enblend"
| #define PACKAGE_URL ""
| #define PACKAGE "enblend-enfuse"
| #define VERSION "4.1.4"
| #define STDC_HEADERS 1
| #define HAVE_SYS_TYPES_H 1
| #define HAVE_SYS_STAT_H 1
| #define HAVE_STDLIB_H 1
| #define HAVE_STRING_H 1
| #define HAVE_MEMORY_H 1
| #define HAVE_STRINGS_H 1
| #define HAVE_INTTYPES_H 1
| #define HAVE_STDINT_H 1
| #define HAVE_UNISTD_H 1
| /* end confdefs.h.  */
| #include <sys/types.h>
| 		#include <sys/param.h>
| 
| int
| main ()
| {
| #if BYTE_ORDER != BIG_ENDIAN
| 		 not big endian
| 		#endif
| 
|   ;
|   return 0;
| }
configure:5496: result: no
configure:5516: checking for sqrt in -lm
configure:5541: g++ -o conftest    conftest.cpp -lm   >&5
configure:5541: $? = 0
configure:5550: result: yes
configure:5561: checking for cblas_dgemm in -lgslcblas
configure:5586: g++ -o conftest    conftest.cpp -lgslcblas  -lm  >&5
configure:5586: $? = 0
configure:5595: result: yes
configure:5606: checking for gsl_blas_dgemm in -lgsl
configure:5631: g++ -o conftest    conftest.cpp -lgsl  -lgslcblas -lm  >&5
configure:5631: $? = 0
configure:5640: result: yes
configure:5652: checking for gzopen in -lz
configure:5677: g++ -o conftest    conftest.cpp -lz  -lgsl -lgslcblas -lm  >&5
configure:5677: $? = 0
configure:5686: result: yes
configure:5700: checking for jpeg_finish_compress in -ljpeg
configure:5725: g++ -o conftest    conftest.cpp -ljpeg  -lz -lgsl -lgslcblas -lm  >&5
configure:5725: $? = 0
configure:5734: result: yes
configure:5745: checking for png_init_io in -lpng
configure:5770: g++ -o conftest    conftest.cpp -lpng  -ljpeg -lz -lgsl -lgslcblas -lm  >&5
configure:5770: $? = 0
configure:5779: result: yes
configure:5790: checking for TIFFOpen in -ltiff
configure:5815: g++ -o conftest    conftest.cpp -ltiff  -lpng -ljpeg -lz -lgsl -lgslcblas -lm  >&5
configure:5815: $? = 0
configure:5824: result: yes
configure:5834: checking for cmsCreateTransform in -llcms2
configure:5859: g++ -o conftest    conftest.cpp -llcms2  -ltiff -lpng -ljpeg -lz -lgsl -lgslcblas -lm  >&5
configure:5859: $? = 0
configure:5868: result: yes
configure:5882: checking for Vigra import/export-library
configure:5896: g++ -o conftest    conftest.cpp -lvigraimpex -llcms2 -ltiff -lpng -ljpeg -lz -lgsl -lgslcblas -lm  >&5
configure:5896: $? = 0
configure:5897: result: yes
configure:5917: g++ -o conftest    conftest.cpp -lvigraimpex -llcms2 -ltiff -lpng -ljpeg -lz -lgsl -lgslcblas -lm  >&5
/tmp/ccqIhh2J.o: In function `main':
conftest.cpp:(.text+0x34): undefined reference to `vigra::ImageImportInfo::ImageImportInfo(char const*, unsigned int)'
conftest.cpp:(.text+0x48): undefined reference to `vigra::ImageImportInfo::setImageIndex(int)'
collect2: ld returned 1 exit status
configure:5917: $? = 1
configure: failed program was:
| /* confdefs.h */
| #define PACKAGE_NAME "enblend-enfuse"
| #define PACKAGE_TARNAME "enblend-enfuse"
| #define PACKAGE_VERSION "4.1.4"
| #define PACKAGE_STRING "enblend-enfuse 4.1.4"
| #define PACKAGE_BUGREPORT "https://bugs.launchpad.net/enblend"
| #define PACKAGE_URL ""
| #define PACKAGE "enblend-enfuse"
| #define VERSION "4.1.4"
| #define STDC_HEADERS 1
| #define HAVE_SYS_TYPES_H 1
| #define HAVE_SYS_STAT_H 1
| #define HAVE_STDLIB_H 1
| #define HAVE_STRING_H 1
| #define HAVE_MEMORY_H 1
| #define HAVE_STRINGS_H 1
| #define HAVE_INTTYPES_H 1
| #define HAVE_STDINT_H 1
| #define HAVE_UNISTD_H 1
| #define HAVE_LIBM 1
| #define HAVE_LIBGSLCBLAS 1
| #define HAVE_LIBGSL 1
| #define HAVE_LIBZ 1
| #define HasJPEG 1
| #define HasPNG 1
| #define HasTIFF 1
| #define HAVE_LIBLCMS2 1
| /* end confdefs.h.  */
| #include <vigra/imageinfo.hxx>
| int
| main ()
| {
| vigra::ImageImportInfo info("image.tif"); info.setImageIndex(99)
|   ;
|   return 0;
| }
configure:5921: result: no
configure:5923: error: Vigra was found, but it was not recent enough.

## ---------------- ##
## Cache variables. ##
## ---------------- ##

ac_cv_c_bigendian=no
ac_cv_c_compiler_gnu=yes
ac_cv_cxx_compiler_gnu=yes
ac_cv_env_CCC_set=
ac_cv_env_CCC_value=
ac_cv_env_CC_set=
ac_cv_env_CC_value=
ac_cv_env_CFLAGS_set=
ac_cv_env_CFLAGS_value=
ac_cv_env_CPPFLAGS_set=
ac_cv_env_CPPFLAGS_value=
ac_cv_env_CPP_set=
ac_cv_env_CPP_value=
ac_cv_env_CXXCPP_set=
ac_cv_env_CXXCPP_value=
ac_cv_env_CXXFLAGS_set=
ac_cv_env_CXXFLAGS_value=
ac_cv_env_CXX_set=
ac_cv_env_CXX_value=
ac_cv_env_GNUPLOT_set=
ac_cv_env_GNUPLOT_value=
ac_cv_env_LDFLAGS_set=
ac_cv_env_LDFLAGS_value=
ac_cv_env_LIBS_set=
ac_cv_env_LIBS_value=
ac_cv_env_OPENEXR_CFLAGS_set=
ac_cv_env_OPENEXR_CFLAGS_value=
ac_cv_env_OPENEXR_LIBS_set=
ac_cv_env_OPENEXR_LIBS_value=
ac_cv_env_OPENGL_CFLAGS_set=
ac_cv_env_OPENGL_CFLAGS_value=
ac_cv_env_OPENGL_LIBS_set=
ac_cv_env_OPENGL_LIBS_value=
ac_cv_env_PERL_set=
ac_cv_env_PERL_value=
ac_cv_env_PKG_CONFIG_LIBDIR_set=
ac_cv_env_PKG_CONFIG_LIBDIR_value=
ac_cv_env_PKG_CONFIG_PATH_set=set
ac_cv_env_PKG_CONFIG_PATH_value=:/usr/local/lib/pkgconfig
ac_cv_env_PKG_CONFIG_set=
ac_cv_env_PKG_CONFIG_value=
ac_cv_env_XMKMF_set=
ac_cv_env_XMKMF_value=
ac_cv_env_build_alias_set=
ac_cv_env_build_alias_value=
ac_cv_env_host_alias_set=
ac_cv_env_host_alias_value=
ac_cv_env_target_alias_set=
ac_cv_env_target_alias_value=
ac_cv_header_inttypes_h=yes
ac_cv_header_memory_h=yes
ac_cv_header_stdc=yes
ac_cv_header_stdint_h=yes
ac_cv_header_stdlib_h=yes
ac_cv_header_string_h=yes
ac_cv_header_strings_h=yes
ac_cv_header_sys_stat_h=yes
ac_cv_header_sys_types_h=yes
ac_cv_header_unistd_h=yes
ac_cv_lib_gsl_gsl_blas_dgemm=yes
ac_cv_lib_gslcblas_cblas_dgemm=yes
ac_cv_lib_jpeg_jpeg_finish_compress=yes
ac_cv_lib_lcms2_cmsCreateTransform=yes
ac_cv_lib_m_sqrt=yes
ac_cv_lib_png_png_init_io=yes
ac_cv_lib_tiff_TIFFOpen=yes
ac_cv_lib_z_gzopen=yes
ac_cv_objext=o
ac_cv_path_EGREP='/bin/grep -E'
ac_cv_path_GREP=/bin/grep
ac_cv_path_install='/usr/bin/install -c'
ac_cv_path_mkdir=/bin/mkdir
ac_cv_prog_AWK=mawk
ac_cv_prog_CXXCPP='g++ -E'
ac_cv_prog_ac_ct_AR=ar
ac_cv_prog_ac_ct_CC=gcc
ac_cv_prog_ac_ct_CXX=g++
ac_cv_prog_ac_ct_RANLIB=ranlib
ac_cv_prog_cc_c89=
ac_cv_prog_cc_g=yes
ac_cv_prog_cxx_g=yes
ac_cv_prog_make_make_set=yes
am_cv_CC_dependencies_compiler_type=gcc3
am_cv_CXX_dependencies_compiler_type=gcc3
am_cv_ar_interface=ar
am_cv_make_support_nested_variables=yes
am_cv_prog_cc_c_o=yes

## ----------------- ##
## Output variables. ##
## ----------------- ##

ACLOCAL='${SHELL} /home/zmx/ZMX_image_blend/enblend-enfuse-4.1.4/missing aclocal-1.14'
AMDEPBACKSLASH='\'
AMDEP_FALSE='#'
AMDEP_TRUE=''
AMTAR='$${TAR-tar}'
AM_BACKSLASH='\'
AM_DEFAULT_V='$(AM_DEFAULT_VERBOSITY)'
AM_DEFAULT_VERBOSITY='1'
AM_MAKEINFOFLAGS=''
AM_MAKEINFOHTMLFLAGS=''
AM_V='$(V)'
AR='ar'
AUTOCONF='${SHELL} /home/zmx/ZMX_image_blend/enblend-enfuse-4.1.4/missing autoconf'
AUTOHEADER='${SHELL} /home/zmx/ZMX_image_blend/enblend-enfuse-4.1.4/missing autoheader'
AUTOMAKE='${SHELL} /home/zmx/ZMX_image_blend/enblend-enfuse-4.1.4/missing automake-1.14'
AWK='mawk'
BUILD_DOC_FALSE=''
BUILD_DOC_TRUE=''
CC='gcc'
CCDEPMODE='depmode=gcc3'
CFLAGS='-g -O2'
CONVERT=''
CPP=''
CPPFLAGS=''
CXX='g++'
CXXCPP='g++ -E'
CXXDEPMODE='depmode=gcc3'
CXXFLAGS=''
CYGPATH_W='echo'
DEFS=''
DEPDIR='.deps'
ECHO_C=''
ECHO_N='-n'
ECHO_T=''
EGREP='/bin/grep -E'
EXEEXT=''
EXTRA_LIBS=''
FIG2DEV=''
GLUT_CFLAGS=''
GLUT_LIBS=''
GLU_CFLAGS=''
GLU_LIBS=''
GL_CFLAGS=''
GL_LIBS=''
GNUPLOT=''
GREP='/bin/grep'
HAVE_INLINE=''
HELP2MAN=''
INSTALL_DATA='${INSTALL} -m 644'
INSTALL_PROGRAM='${INSTALL}'
INSTALL_SCRIPT='${INSTALL}'
INSTALL_STRIP_PROGRAM='$(install_sh) -c -s'
LDFLAGS=''
LIBOBJS=''
LIBS='-lvigraimpex -llcms2 -ltiff -lpng -ljpeg -lz -lgsl -lgslcblas -lm '
LTLIBOBJS=''
MAKEINFO='${SHELL} /home/zmx/ZMX_image_blend/enblend-enfuse-4.1.4/missing makeinfo'
MKDIR_P='/bin/mkdir -p'
OBJEXT='o'
OPENEXR_CFLAGS=''
OPENEXR_LIBS=''
OPENGL_CFLAGS=''
OPENGL_LIBS=''
PACKAGE='enblend-enfuse'
PACKAGE_BUGREPORT='https://bugs.launchpad.net/enblend'
PACKAGE_NAME='enblend-enfuse'
PACKAGE_STRING='enblend-enfuse 4.1.4'
PACKAGE_TARNAME='enblend-enfuse'
PACKAGE_URL=''
PACKAGE_VERSION='4.1.4'
PATH_SEPARATOR=':'
PERL=''
PKG_CONFIG=''
PKG_CONFIG_LIBDIR=''
PKG_CONFIG_PATH=':/usr/local/lib/pkgconfig'
POW_LIB=''
PTHREAD_CC=''
PTHREAD_CFLAGS=''
PTHREAD_LIBS=''
RANLIB='ranlib'
RASTER_DIR=''
SED=''
SET_MAKE=''
SHELL='/bin/bash'
STRIP=''
TIDY=''
VERSION='4.1.4'
XMKMF=''
XMLLINT=''
X_CFLAGS=''
X_EXTRA_LIBS=''
X_LIBS=''
X_PRE_LIBS=''
ac_ct_AR='ar'
ac_ct_CC='gcc'
ac_ct_CXX='g++'
am__EXEEXT_FALSE=''
am__EXEEXT_TRUE=''
am__fastdepCC_FALSE='#'
am__fastdepCC_TRUE=''
am__fastdepCXX_FALSE='#'
am__fastdepCXX_TRUE=''
am__include='include'
am__isrc=''
am__leading_dot='.'
am__nodep='_no'
am__quote=''
am__tar='$${TAR-tar} chof - "$$tardir"'
am__untar='$${TAR-tar} xf -'
ax_pthread_config=''
bindir='${exec_prefix}/bin'
build=''
build_alias=''
build_cpu=''
build_os=''
build_vendor=''
datadir='${datarootdir}'
datarootdir='${prefix}/share'
docdir='${datarootdir}/doc/${PACKAGE_TARNAME}'
dvidir='${docdir}'
exec_prefix='NONE'
host=''
host_alias=''
host_cpu=''
host_os=''
host_vendor=''
htmldir='${docdir}'
includedir='${prefix}/include'
infodir='${datarootdir}/info'
install_sh='${SHELL} /home/zmx/ZMX_image_blend/enblend-enfuse-4.1.4/install-sh'
libdir='${exec_prefix}/lib'
libexecdir='${exec_prefix}/libexec'
localedir='${datarootdir}/locale'
localstatedir='${prefix}/var'
mandir='${datarootdir}/man'
mkdir_p='$(MKDIR_P)'
oldincludedir='/usr/include'
pdfdir='${docdir}'
prefix='NONE'
program_transform_name='s,x,x,'
psdir='${docdir}'
sbindir='${exec_prefix}/sbin'
sharedstatedir='${prefix}/com'
sysconfdir='${prefix}/etc'
target_alias=''

## ----------- ##
## confdefs.h. ##
## ----------- ##

/* confdefs.h */
#define PACKAGE_NAME "enblend-enfuse"
#define PACKAGE_TARNAME "enblend-enfuse"
#define PACKAGE_VERSION "4.1.4"
#define PACKAGE_STRING "enblend-enfuse 4.1.4"
#define PACKAGE_BUGREPORT "https://bugs.launchpad.net/enblend"
#define PACKAGE_URL ""
#define PACKAGE "enblend-enfuse"
#define VERSION "4.1.4"
#define STDC_HEADERS 1
#define HAVE_SYS_TYPES_H 1
#define HAVE_SYS_STAT_H 1
#define HAVE_STDLIB_H 1
#define HAVE_STRING_H 1
#define HAVE_MEMORY_H 1
#define HAVE_STRINGS_H 1
#define HAVE_INTTYPES_H 1
#define HAVE_STDINT_H 1
#define HAVE_UNISTD_H 1
#define HAVE_LIBM 1
#define HAVE_LIBGSLCBLAS 1
#define HAVE_LIBGSL 1
#define HAVE_LIBZ 1
#define HasJPEG 1
#define HasPNG 1
#define HasTIFF 1
#define HAVE_LIBLCMS2 1

configure: exit 1
